<?xml version="1.0" encoding="UTF-8"?>
<!-- Generated by org.testng.reporters.JUnitReportReporter -->
<testsuite hostname="USA-MAC-NIS1682.local" failures="0" tests="1" name="demo.demo1.homepage" time="8.220" errors="0" timestamp="2021-12-08T08:46:21 PST" skipped="0">
  <testcase classname="demo.demo1.homepage" name="basePase" time="8.220"/>
  <system-out/>
</testsuite> <!-- demo.demo1.homepage -->
